<?xml version="1.0" encoding="UTF-8"?>
<testsuites name="jest tests" tests="1369" failures="4" time="18.644">
  <testsuite name="getFormattedValue" errors="0" failures="0" skipped="0" timestamp="2020-03-11T17:53:32" time="1.687" tests="7">
    <testcase classname="getFormattedValue should return the item formated without highligth" name="getFormattedValue should return the item formated without highligth" time="0.006">
    </testcase>
    <testcase classname="getFormattedValue should return the item formated without highligth" name="getFormattedValue should return the item formated without highligth" time="0.001">
    </testcase>
    <testcase classname="getFormattedValue should return the item formated with search term highlighted" name="getFormattedValue should return the item formated with search term highlighted" time="0.004">
    </testcase>
    <testcase classname="getFormattedValue should return the item formated with search term highlighted" name="getFormattedValue should return the item formated with search term highlighted" time="0.001">
    </testcase>
    <testcase classname="getFormattedValue should return the item formated without highligth when values is string" name="getFormattedValue should return the item formated without highligth when values is string" time="0.001">
    </testcase>
    <testcase classname="getFormattedValue should return null when value is empty" name="getFormattedValue should return null when value is empty" time="0">
    </testcase>
    <testcase classname="getFormattedValue should return null when value is null" name="getFormattedValue should return null when value is null" time="0.001">
    </testcase>
  </testsuite>
  <testsuite name="formatDateTime" errors="0" failures="4" skipped="0" timestamp="2020-03-11T17:53:32" time="1.777" tests="7">
    <testcase classname="formatDateTime should return an empty string when pass falsy values" name="formatDateTime should return an empty string when pass falsy values" time="0.004">
    </testcase>
    <testcase classname="formatDateTime should return an empty string when pass an invalid date" name="formatDateTime should return an empty string when pass an invalid date" time="0.041">
    </testcase>
    <testcase classname="formatDateTime should return the right formatted date" name="formatDateTime should return the right formatted date" time="0.006">
      <failure>Error: expect(received).toBe(expected) // Object.is equality

Expected: &quot;04/24/2019, 1:23 PM&quot;
Received: &quot;04/24/2019, 01:23 PM&quot;
    at Object.toBe (/Users/tahimi/projects/react-rainbow/src/components/DateTimePicker/helpers/__test__/formatDateTime.spec.js:16:62)
    at Object.asyncJestTest (/Users/tahimi/projects/react-rainbow/node_modules/jest-jasmine2/build/jasmineAsyncInstall.js:102:37)
    at /Users/tahimi/projects/react-rainbow/node_modules/jest-jasmine2/build/queueRunner.js:43:12
    at new Promise (&lt;anonymous&gt;)
    at mapper (/Users/tahimi/projects/react-rainbow/node_modules/jest-jasmine2/build/queueRunner.js:26:19)
    at /Users/tahimi/projects/react-rainbow/node_modules/jest-jasmine2/build/queueRunner.js:73:41
    at processTicksAndRejections (internal/process/task_queues.js:97:5)</failure>
    </testcase>
    <testcase classname="formatDateTime should return the right formatted date when formatStyle large" name="formatDateTime should return the right formatted date when formatStyle large" time="0.002">
      <failure>Error: expect(received).toBe(expected) // Object.is equality

Expected: &quot;Wednesday, 04/24/2019, 1:23 PM&quot;
Received: &quot;Wednesday, 04/24/2019, 01:23 PM&quot;
    at Object.toBe (/Users/tahimi/projects/react-rainbow/src/components/DateTimePicker/helpers/__test__/formatDateTime.spec.js:23:71)
    at Object.asyncJestTest (/Users/tahimi/projects/react-rainbow/node_modules/jest-jasmine2/build/jasmineAsyncInstall.js:102:37)
    at /Users/tahimi/projects/react-rainbow/node_modules/jest-jasmine2/build/queueRunner.js:43:12
    at new Promise (&lt;anonymous&gt;)
    at mapper (/Users/tahimi/projects/react-rainbow/node_modules/jest-jasmine2/build/queueRunner.js:26:19)
    at /Users/tahimi/projects/react-rainbow/node_modules/jest-jasmine2/build/queueRunner.js:73:41
    at processTicksAndRejections (internal/process/task_queues.js:97:5)</failure>
    </testcase>
    <testcase classname="formatDateTime should return the right formatted date when formatStyle small" name="formatDateTime should return the right formatted date when formatStyle small" time="0.002">
      <failure>Error: expect(received).toBe(expected) // Object.is equality

Expected: &quot;4/24/19, 1:23 PM&quot;
Received: &quot;4/24/19, 01:23 PM&quot;
    at Object.toBe (/Users/tahimi/projects/react-rainbow/src/components/DateTimePicker/helpers/__test__/formatDateTime.spec.js:32:71)
    at Object.asyncJestTest (/Users/tahimi/projects/react-rainbow/node_modules/jest-jasmine2/build/jasmineAsyncInstall.js:102:37)
    at /Users/tahimi/projects/react-rainbow/node_modules/jest-jasmine2/build/queueRunner.js:43:12
    at new Promise (&lt;anonymous&gt;)
    at mapper (/Users/tahimi/projects/react-rainbow/node_modules/jest-jasmine2/build/queueRunner.js:26:19)
    at /Users/tahimi/projects/react-rainbow/node_modules/jest-jasmine2/build/queueRunner.js:73:41
    at processTicksAndRejections (internal/process/task_queues.js:97:5)</failure>
    </testcase>
    <testcase classname="formatDateTime should return the right formatted date when formatStyle is wrong" name="formatDateTime should return the right formatted date when formatStyle is wrong" time="0.002">
      <failure>Error: expect(received).toBe(expected) // Object.is equality

Expected: &quot;04/24/2019, 1:23 PM&quot;
Received: &quot;04/24/2019, 01:23 PM&quot;
    at Object.toBe (/Users/tahimi/projects/react-rainbow/src/components/DateTimePicker/helpers/__test__/formatDateTime.spec.js:39:69)
    at Object.asyncJestTest (/Users/tahimi/projects/react-rainbow/node_modules/jest-jasmine2/build/jasmineAsyncInstall.js:102:37)
    at /Users/tahimi/projects/react-rainbow/node_modules/jest-jasmine2/build/queueRunner.js:43:12
    at new Promise (&lt;anonymous&gt;)
    at mapper (/Users/tahimi/projects/react-rainbow/node_modules/jest-jasmine2/build/queueRunner.js:26:19)
    at /Users/tahimi/projects/react-rainbow/node_modules/jest-jasmine2/build/queueRunner.js:73:41
    at processTicksAndRejections (internal/process/task_queues.js:97:5)</failure>
    </testcase>
    <testcase classname="formatDateTime should return the right formatted time when in 24h format" name="formatDateTime should return the right formatted time when in 24h format" time="0.002">
    </testcase>
  </testsuite>
  <testsuite name="&lt;Accordion /&gt;" errors="0" failures="0" skipped="0" timestamp="2020-03-11T17:53:32" time="2.318" tests="11">
    <testcase classname="&lt;Accordion /&gt; should set the right &quot;state&quot; when onToggleSection is passed and it is not a function" name="&lt;Accordion /&gt; should set the right &quot;state&quot; when onToggleSection is passed and it is not a function" time="0.134">
    </testcase>
    <testcase classname="&lt;Accordion /&gt; should set the right &quot;state&quot; when multiple is passed" name="&lt;Accordion /&gt; should set the right &quot;state&quot; when multiple is passed" time="0.035">
    </testcase>
    <testcase classname="&lt;Accordion /&gt; should not fire an event when click in the AccordionSection and disabled is passed" name="&lt;Accordion /&gt; should not fire an event when click in the AccordionSection and disabled is passed" time="0.025">
    </testcase>
    <testcase classname="&lt;Accordion /&gt; should fire an event with the right arguments when click in the AccordionSection and multiple is not passed" name="&lt;Accordion /&gt; should fire an event with the right arguments when click in the AccordionSection and multiple is not passed" time="0.015">
    </testcase>
    <testcase classname="&lt;Accordion /&gt; should fire an event with the right arguments when click in the second AccordionSection and multiple is passed" name="&lt;Accordion /&gt; should fire an event with the right arguments when click in the second AccordionSection and multiple is passed" time="0.017">
    </testcase>
    <testcase classname="&lt;Accordion /&gt; should fire an event with the right arguments when click in the expanded first AccordionSection" name="&lt;Accordion /&gt; should fire an event with the right arguments when click in the expanded first AccordionSection" time="0.015">
    </testcase>
    <testcase classname="&lt;Accordion /&gt; should fire an event with the right arguments when click in the second AccordionSection, multiple is passed and both AccordionSection are expanded" name="&lt;Accordion /&gt; should fire an event with the right arguments when click in the second AccordionSection, multiple is passed and both AccordionSection are expanded" time="0.027">
    </testcase>
    <testcase classname="&lt;Accordion /&gt; should fire an event with the right arguments when click in the second AccordionSection, it is collapsed for the first time and multiple is passed" name="&lt;Accordion /&gt; should fire an event with the right arguments when click in the second AccordionSection, it is collapsed for the first time and multiple is passed" time="0.023">
    </testcase>
    <testcase classname="&lt;Accordion /&gt; should set ariaExpanded to true in button when the AccordionSection is expanded" name="&lt;Accordion /&gt; should set ariaExpanded to true in button when the AccordionSection is expanded" time="0.01">
    </testcase>
    <testcase classname="&lt;Accordion /&gt; should set ariaExpanded to false in button when the AccordionSection is collapsed" name="&lt;Accordion /&gt; should set ariaExpanded to false in button when the AccordionSection is collapsed" time="0.013">
    </testcase>
    <testcase classname="&lt;Accordion /&gt; should set aria-hidden to false in container of the content when the content is expanded" name="&lt;Accordion /&gt; should set aria-hidden to false in container of the content when the content is expanded" time="0.009">
    </testcase>
  </testsuite>
  <testsuite name="&lt;PickerInput/&gt;" errors="0" failures="0" skipped="0" timestamp="2020-03-11T17:53:32" time="2.314" tests="17">
    <testcase classname="&lt;PickerInput/&gt; should set an id in the input element" name="&lt;PickerInput/&gt; should set an id in the input element" time="0.087">
    </testcase>
    <testcase classname="&lt;PickerInput/&gt; should set the type passed in the input element" name="&lt;PickerInput/&gt; should set the type passed in the input element" time="0.007">
    </testcase>
    <testcase classname="&lt;PickerInput/&gt; should set the value passed in the input element" name="&lt;PickerInput/&gt; should set the value passed in the input element" time="0.006">
    </testcase>
    <testcase classname="&lt;PickerInput/&gt; should set the placeholder passed in the input element" name="&lt;PickerInput/&gt; should set the placeholder passed in the input element" time="0.006">
    </testcase>
    <testcase classname="&lt;PickerInput/&gt; should fire an event when the user change the input" name="&lt;PickerInput/&gt; should fire an event when the user change the input" time="0.012">
    </testcase>
    <testcase classname="&lt;PickerInput/&gt; should set the tabIndex passed in the input element" name="&lt;PickerInput/&gt; should set the tabIndex passed in the input element" time="0.006">
    </testcase>
    <testcase classname="&lt;PickerInput/&gt; should set the disabled passed in the input element" name="&lt;PickerInput/&gt; should set the disabled passed in the input element" time="0.006">
    </testcase>
    <testcase classname="&lt;PickerInput/&gt; should set the readonly passed in the input element" name="&lt;PickerInput/&gt; should set the readonly passed in the input element" time="0.064">
    </testcase>
    <testcase classname="&lt;PickerInput/&gt; should set required in the input element if it is passed" name="&lt;PickerInput/&gt; should set required in the input element if it is passed" time="0.014">
    </testcase>
    <testcase classname="&lt;PickerInput/&gt; should set the maxLength passed in the Input element" name="&lt;PickerInput/&gt; should set the maxLength passed in the Input element" time="0.006">
    </testcase>
    <testcase classname="&lt;PickerInput/&gt; should set the minLength passed in the Input element" name="&lt;PickerInput/&gt; should set the minLength passed in the Input element" time="0.005">
    </testcase>
    <testcase classname="&lt;PickerInput/&gt; should set the pattern passed in the Input element" name="&lt;PickerInput/&gt; should set the pattern passed in the Input element" time="0.005">
    </testcase>
    <testcase classname="&lt;PickerInput/&gt; should pass a generated id to the Label component and set the same id to the aria-labelledby for the input when a bottomHelpText is passed" name="&lt;PickerInput/&gt; should pass a generated id to the Label component and set the same id to the aria-labelledby for the input when a bottomHelpText is passed" time="0.013">
    </testcase>
    <testcase classname="&lt;PickerInput/&gt; should pass a generated id to the Error element and set the same id to the aria-describedby for the input when a error is passed" name="&lt;PickerInput/&gt; should pass a generated id to the Error element and set the same id to the aria-describedby for the input when a error is passed" time="0.061">
    </testcase>
    <testcase classname="&lt;PickerInput/&gt; should pass the right props to the Label component" name="&lt;PickerInput/&gt; should pass the right props to the Label component" time="0.007">
    </testcase>
    <testcase classname="&lt;PickerInput/&gt; should render StyledPickerInput when readOnly is not passed" name="&lt;PickerInput/&gt; should render StyledPickerInput when readOnly is not passed" time="0.004">
    </testcase>
    <testcase classname="&lt;PickerInput/&gt; should render StyledReadonlyInput when readOnly is passed" name="&lt;PickerInput/&gt; should render StyledReadonlyInput when readOnly is passed" time="0.005">
    </testcase>
  </testsuite>
  <testsuite name="&lt;ProgressIndicator/&gt;" errors="0" failures="0" skipped="0" timestamp="2020-03-11T17:53:32" time="2.26" tests="4">
    <testcase classname="&lt;ProgressIndicator/&gt; should render the children passed" name="&lt;ProgressIndicator/&gt; should render the children passed" time="0.06">
    </testcase>
    <testcase classname="&lt;ProgressIndicator/&gt; should set the right icon when currentStepName is step-2 and the step-3 has an error" name="&lt;ProgressIndicator/&gt; should set the right icon when currentStepName is step-2 and the step-3 has an error" time="0.159">
    </testcase>
    <testcase classname="&lt;ProgressIndicator/&gt; should set the right assistiveText to the ButtonIcon component when currentStepName is step-2 and the step-3 has an error " name="&lt;ProgressIndicator/&gt; should set the right assistiveText to the ButtonIcon component when currentStepName is step-2 and the step-3 has an error " time="0.08">
    </testcase>
    <testcase classname="&lt;ProgressIndicator/&gt; should fire an event with the right data when the step is clicked" name="&lt;ProgressIndicator/&gt; should fire an event with the right data when the step is clicked" time="0.022">
    </testcase>
  </testsuite>
  <testsuite name="&lt;Accordion/&gt;" errors="0" failures="0" skipped="0" timestamp="2020-03-11T17:53:32" time="2.413" tests="1">
    <testcase classname="&lt;Accordion/&gt; should be accessible when assistiveText is passed on AccordionSection" name="&lt;Accordion/&gt; should be accessible when assistiveText is passed on AccordionSection" time="0.477">
    </testcase>
  </testsuite>
  <testsuite name="&lt;PlacesLookupComponent/&gt;" errors="0" failures="0" skipped="0" timestamp="2020-03-11T17:53:32" time="2.449" tests="6">
    <testcase classname="&lt;PlacesLookupComponent/&gt; should not call any google.maps.places service when isScriptLoaded and isScriptLoadSucceed are false" name="&lt;PlacesLookupComponent/&gt; should not call any google.maps.places service when isScriptLoaded and isScriptLoadSucceed are false" time="0.17">
    </testcase>
    <testcase classname="&lt;PlacesLookupComponent/&gt; should not call any google.maps.places service when isScriptLoaded is true and isScriptLoadSucceed is false" name="&lt;PlacesLookupComponent/&gt; should not call any google.maps.places service when isScriptLoaded is true and isScriptLoadSucceed is false" time="0.019">
    </testcase>
    <testcase classname="&lt;PlacesLookupComponent/&gt; should not call AutocompleteService or PlacesService when isScriptLoaded and isScriptLoadSucceed are true but previous isScriptLoaded was true" name="&lt;PlacesLookupComponent/&gt; should not call AutocompleteService or PlacesService when isScriptLoaded and isScriptLoadSucceed are true but previous isScriptLoaded was true" time="0.025">
    </testcase>
    <testcase classname="&lt;PlacesLookupComponent/&gt; should call google.maps.places.AutocompleteService and google.maps.places.PlacesService" name="&lt;PlacesLookupComponent/&gt; should call google.maps.places.AutocompleteService and google.maps.places.PlacesService" time="0.021">
    </testcase>
    <testcase classname="&lt;PlacesLookupComponent/&gt; should be intialized after isScriptLoaded and isScriptLoadSucceed are set to true" name="&lt;PlacesLookupComponent/&gt; should be intialized after isScriptLoaded and isScriptLoadSucceed are set to true" time="0.019">
    </testcase>
    <testcase classname="&lt;PlacesLookupComponent/&gt; should fire onBlur with null when there is not value" name="&lt;PlacesLookupComponent/&gt; should fire onBlur with null when there is not value" time="0.047">
    </testcase>
  </testsuite>
  <testsuite name="&lt;ProgressIndicator/&gt;" errors="0" failures="0" skipped="0" timestamp="2020-03-11T17:53:32" time="2.534" tests="2">
    <testcase classname="&lt;ProgressIndicator/&gt; should be accessible when label is passed" name="&lt;ProgressIndicator/&gt; should be accessible when label is passed" time="0.437">
    </testcase>
    <testcase classname="&lt;ProgressIndicator/&gt; should be accessible when label is not passed" name="&lt;ProgressIndicator/&gt; should be accessible when label is not passed" time="0.193">
    </testcase>
  </testsuite>
  <testsuite name="&lt;Rating/&gt;" errors="0" failures="0" skipped="0" timestamp="2020-03-11T17:53:32" time="2.556" tests="1">
    <testcase classname="&lt;Rating/&gt; should be accessible" name="&lt;Rating/&gt; should be accessible" time="0.75">
    </testcase>
  </testsuite>
  <testsuite name="&lt;InputRadio/&gt;" errors="0" failures="0" skipped="0" timestamp="2020-03-11T17:53:34" time="0.934" tests="1">
    <testcase classname="&lt;InputRadio/&gt; should be accessible when label is passed" name="&lt;InputRadio/&gt; should be accessible when label is passed" time="0.321">
    </testcase>
  </testsuite>
  <testsuite name="&lt;CheckboxGroup/&gt;" errors="0" failures="0" skipped="0" timestamp="2020-03-11T17:53:34" time="1.196" tests="1">
    <testcase classname="&lt;CheckboxGroup/&gt; should be accessible when all options have a label passed" name="&lt;CheckboxGroup/&gt; should be accessible when all options have a label passed" time="0.563">
    </testcase>
  </testsuite>
  <testsuite name="&lt;ButtonGroup/&gt;" errors="0" failures="0" skipped="0" timestamp="2020-03-11T17:53:35" time="0.69" tests="1">
    <testcase classname="&lt;ButtonGroup/&gt; should be accessible" name="&lt;ButtonGroup/&gt; should be accessible" time="0.151">
    </testcase>
  </testsuite>
  <testsuite name="&lt;InputBase/&gt;" errors="0" failures="0" skipped="0" timestamp="2020-03-11T17:53:35" time="0.844" tests="15">
    <testcase classname="&lt;InputBase/&gt; should set an id in the input element" name="&lt;InputBase/&gt; should set an id in the input element" time="0.068">
    </testcase>
    <testcase classname="&lt;InputBase/&gt; should set the type passed in the input element" name="&lt;InputBase/&gt; should set the type passed in the input element" time="0.009">
    </testcase>
    <testcase classname="&lt;InputBase/&gt; should set the value passed in the input element" name="&lt;InputBase/&gt; should set the value passed in the input element" time="0.016">
    </testcase>
    <testcase classname="&lt;InputBase/&gt; should set the placeholder passed in the input element" name="&lt;InputBase/&gt; should set the placeholder passed in the input element" time="0.005">
    </testcase>
    <testcase classname="&lt;InputBase/&gt; should fire an event when the user change the input" name="&lt;InputBase/&gt; should fire an event when the user change the input" time="0.007">
    </testcase>
    <testcase classname="&lt;InputBase/&gt; should set the tabIndex passed in the input element" name="&lt;InputBase/&gt; should set the tabIndex passed in the input element" time="0.007">
    </testcase>
    <testcase classname="&lt;InputBase/&gt; should set the disabled passed in the input element" name="&lt;InputBase/&gt; should set the disabled passed in the input element" time="0.012">
    </testcase>
    <testcase classname="&lt;InputBase/&gt; should set the readonly passed in the input element" name="&lt;InputBase/&gt; should set the readonly passed in the input element" time="0.011">
    </testcase>
    <testcase classname="&lt;InputBase/&gt; should set required in the input element if it is passed" name="&lt;InputBase/&gt; should set required in the input element if it is passed" time="0.016">
    </testcase>
    <testcase classname="&lt;InputBase/&gt; should set the maxLength passed in the Input element" name="&lt;InputBase/&gt; should set the maxLength passed in the Input element" time="0.014">
    </testcase>
    <testcase classname="&lt;InputBase/&gt; should set the minLength passed in the Input element" name="&lt;InputBase/&gt; should set the minLength passed in the Input element" time="0.005">
    </testcase>
    <testcase classname="&lt;InputBase/&gt; should set the pattern passed in the Input element" name="&lt;InputBase/&gt; should set the pattern passed in the Input element" time="0.018">
    </testcase>
    <testcase classname="&lt;InputBase/&gt; should pass a generated id to the Label component and set the same id to the aria-labelledby for the input when a bottomHelpText is passed" name="&lt;InputBase/&gt; should pass a generated id to the Label component and set the same id to the aria-labelledby for the input when a bottomHelpText is passed" time="0.009">
    </testcase>
    <testcase classname="&lt;InputBase/&gt; should pass a generated id to the Error element and set the same id to the aria-describedby for the input when a error is passed" name="&lt;InputBase/&gt; should pass a generated id to the Error element and set the same id to the aria-describedby for the input when a error is passed" time="0.04">
    </testcase>
    <testcase classname="&lt;InputBase/&gt; should pass the right props to the Label component" name="&lt;InputBase/&gt; should pass the right props to the Label component" time="0.013">
    </testcase>
  </testsuite>
  <testsuite name="&lt;Card/&gt;" errors="0" failures="0" skipped="0" timestamp="2020-03-11T17:53:35" time="0.948" tests="1">
    <testcase classname="&lt;Card/&gt; should be accessible" name="&lt;Card/&gt; should be accessible" time="0.33">
    </testcase>
  </testsuite>
  <testsuite name="&lt;ActivityTimeline/&gt;" errors="0" failures="0" skipped="0" timestamp="2020-03-11T17:53:35" time="1.045" tests="1">
    <testcase classname="&lt;ActivityTimeline/&gt; should be accessible when label is passed on TimelineMarker" name="&lt;ActivityTimeline/&gt; should be accessible when label is passed on TimelineMarker" time="0.497">
    </testcase>
  </testsuite>
  <testsuite name="&lt;Chart/&gt;" errors="0" failures="0" skipped="0" timestamp="2020-03-11T17:53:35" time="0.661" tests="1">
    <testcase classname="&lt;Chart/&gt; should be accessible" name="&lt;Chart/&gt; should be accessible" time="0.083">
    </testcase>
  </testsuite>
  <testsuite name="&lt;PickerInput/&gt;" errors="0" failures="0" skipped="0" timestamp="2020-03-11T17:53:35" time="0.788" tests="1">
    <testcase classname="&lt;PickerInput/&gt; should be accessible when label is passed" name="&lt;PickerInput/&gt; should be accessible when label is passed" time="0.234">
    </testcase>
  </testsuite>
  <testsuite name="&lt;Notification/&gt;" errors="0" failures="0" skipped="0" timestamp="2020-03-11T17:53:35" time="0.929" tests="1">
    <testcase classname="&lt;Notification/&gt; should be accessible" name="&lt;Notification/&gt; should be accessible" time="0.32">
    </testcase>
  </testsuite>
  <testsuite name="&lt;Input/&gt;" errors="0" failures="0" skipped="0" timestamp="2020-03-11T17:53:35" time="0.913" tests="3">
    <testcase classname="&lt;Input/&gt; should return the InputRadio component when type radio is passed" name="&lt;Input/&gt; should return the InputRadio component when type radio is passed" time="0.108">
    </testcase>
    <testcase classname="&lt;Input/&gt; should return the InputCheckbox component when type checkbox is passed" name="&lt;Input/&gt; should return the InputCheckbox component when type checkbox is passed" time="0.061">
    </testcase>
    <testcase classname="&lt;Input/&gt; should return the InputBase component when type radio or checkbox are not passed" name="&lt;Input/&gt; should return the InputBase component when type radio or checkbox are not passed" time="0.087">
    </testcase>
  </testsuite>
  <testsuite name="&lt;CheckboxToggle/&gt;" errors="0" failures="0" skipped="0" timestamp="2020-03-11T17:53:35" time="0.789" tests="1">
    <testcase classname="&lt;CheckboxToggle/&gt; should be accessible when label is passed" name="&lt;CheckboxToggle/&gt; should be accessible when label is passed" time="0.245">
    </testcase>
  </testsuite>
  <testsuite name="&lt;Star /&gt;" errors="0" failures="0" skipped="0" timestamp="2020-03-11T17:53:36" time="0.679" tests="10">
    <testcase classname="&lt;Star /&gt; should set type radio to the input element" name="&lt;Star /&gt; should set type radio to the input element" time="0.044">
    </testcase>
    <testcase classname="&lt;Star /&gt; should pass a generated id to the input element and set the same id to the htmFor of the label element" name="&lt;Star /&gt; should pass a generated id to the input element and set the same id to the htmFor of the label element" time="0.008">
    </testcase>
    <testcase classname="&lt;Star /&gt; should set the name passed to the name prop of the input element" name="&lt;Star /&gt; should set the name passed to the name prop of the input element" time="0.008">
    </testcase>
    <testcase classname="&lt;Star /&gt; should set the value passed to the value prop of the input element" name="&lt;Star /&gt; should set the value passed to the value prop of the input element" time="0.013">
    </testcase>
    <testcase classname="&lt;Star /&gt; should fire an event when the user click the star" name="&lt;Star /&gt; should fire an event when the user click the star" time="0.016">
    </testcase>
    <testcase classname="&lt;Star /&gt; should render the StarFill when the prop isFilled is true" name="&lt;Star /&gt; should render the StarFill when the prop isFilled is true" time="0.008">
    </testcase>
    <testcase classname="&lt;Star /&gt; should render the StarBordered when the prop isFilled is false" name="&lt;Star /&gt; should render the StarBordered when the prop isFilled is false" time="0.01">
    </testcase>
    <testcase classname="&lt;Star /&gt; should pass the right text to the AssistiveText component" name="&lt;Star /&gt; should pass the right text to the AssistiveText component" time="0.006">
    </testcase>
    <testcase classname="&lt;Star /&gt; should not fire onChange event when readOnly is true" name="&lt;Star /&gt; should not fire onChange event when readOnly is true" time="0.012">
    </testcase>
    <testcase classname="&lt;Star /&gt; should render half star when isFilled and isHalf props are true" name="&lt;Star /&gt; should render half star when isFilled and isHalf props are true" time="0.011">
    </testcase>
  </testsuite>
  <testsuite name="&lt;InputCheckbox/&gt;" errors="0" failures="0" skipped="0" timestamp="2020-03-11T17:53:36" time="0.74" tests="1">
    <testcase classname="&lt;InputCheckbox/&gt; should be accessible when label is passed" name="&lt;InputCheckbox/&gt; should be accessible when label is passed" time="0.195">
    </testcase>
  </testsuite>
  <testsuite name="&lt;RatingItems /&gt;" errors="0" failures="0" skipped="0" timestamp="2020-03-11T17:53:36" time="0.702" tests="5">
    <testcase classname="&lt;RatingItems /&gt; should pass the right props to the Star component" name="&lt;RatingItems /&gt; should pass the right props to the Star component" time="0.053">
    </testcase>
    <testcase classname="&lt;RatingItems /&gt; should render the right amount of Star components" name="&lt;RatingItems /&gt; should render the right amount of Star components" time="0.025">
    </testcase>
    <testcase classname="&lt;RatingItems /&gt; should set isHalf to true when the value passed is not integer and readOnly is true" name="&lt;RatingItems /&gt; should set isHalf to true when the value passed is not integer and readOnly is true" time="0.025">
    </testcase>
    <testcase classname="&lt;RatingItems /&gt; should set isHalf to false when readOnly is false" name="&lt;RatingItems /&gt; should set isHalf to false when readOnly is false" time="0.027">
    </testcase>
    <testcase classname="&lt;RatingItems /&gt; should pass the right isFilled when the value passed is float" name="&lt;RatingItems /&gt; should pass the right isFilled when the value passed is float" time="0.028">
    </testcase>
  </testsuite>
  <testsuite name="&lt;Input/&gt;" errors="0" failures="0" skipped="0" timestamp="2020-03-11T17:53:36" time="0.583" tests="1">
    <testcase classname="&lt;Input/&gt; should be focusable" name="&lt;Input/&gt; should be focusable" time="0.059">
    </testcase>
  </testsuite>
  <testsuite name="&lt;InputRadio/&gt;" errors="0" failures="0" skipped="0" timestamp="2020-03-11T17:53:36" time="0.741" tests="9">
    <testcase classname="&lt;InputRadio/&gt; should set an id in the input element" name="&lt;InputRadio/&gt; should set an id in the input element" time="0.095">
    </testcase>
    <testcase classname="&lt;InputRadio/&gt; should set the value passed in the input element" name="&lt;InputRadio/&gt; should set the value passed in the input element" time="0.013">
    </testcase>
    <testcase classname="&lt;InputRadio/&gt; should fire an event when the user change the input" name="&lt;InputRadio/&gt; should fire an event when the user change the input" time="0.015">
    </testcase>
    <testcase classname="&lt;InputRadio/&gt; should set the tabIndex passed in the input element" name="&lt;InputRadio/&gt; should set the tabIndex passed in the input element" time="0.006">
    </testcase>
    <testcase classname="&lt;InputRadio/&gt; should set the disabled passed in the input element" name="&lt;InputRadio/&gt; should set the disabled passed in the input element" time="0.013">
    </testcase>
    <testcase classname="&lt;InputRadio/&gt; should pass a generated id to the Label component and set the same id to the aria-labelledby for the input when a bottomHelpText is passed" name="&lt;InputRadio/&gt; should pass a generated id to the Label component and set the same id to the aria-labelledby for the input when a bottomHelpText is passed" time="0.009">
    </testcase>
    <testcase classname="&lt;InputRadio/&gt; should pass a generated id to the Error element and set the same id to the aria-describedby for the input when a error is passed" name="&lt;InputRadio/&gt; should pass a generated id to the Error element and set the same id to the aria-describedby for the input when a error is passed" time="0.019">
    </testcase>
    <testcase classname="&lt;InputRadio/&gt; should pass the right props to the Label component" name="&lt;InputRadio/&gt; should pass the right props to the Label component" time="0.01">
    </testcase>
    <testcase classname="&lt;InputRadio/&gt; should set checked prop passed in input element" name="&lt;InputRadio/&gt; should set checked prop passed in input element" time="0.02">
    </testcase>
  </testsuite>
  <testsuite name="&lt;Input/&gt;" errors="0" failures="0" skipped="0" timestamp="2020-03-11T17:53:36" time="0.828" tests="1">
    <testcase classname="&lt;Input/&gt; should be accessible when label is passed" name="&lt;Input/&gt; should be accessible when label is passed" time="0.194">
    </testcase>
  </testsuite>
  <testsuite name="&lt;InputCheckbox/&gt;" errors="0" failures="0" skipped="0" timestamp="2020-03-11T17:53:36" time="0.773" tests="9">
    <testcase classname="&lt;InputCheckbox/&gt; should set an id in the input element" name="&lt;InputCheckbox/&gt; should set an id in the input element" time="0.094">
    </testcase>
    <testcase classname="&lt;InputCheckbox/&gt; should set the value passed in the input element" name="&lt;InputCheckbox/&gt; should set the value passed in the input element" time="0.012">
    </testcase>
    <testcase classname="&lt;InputCheckbox/&gt; should fire an event when the user change the input" name="&lt;InputCheckbox/&gt; should fire an event when the user change the input" time="0.022">
    </testcase>
    <testcase classname="&lt;InputCheckbox/&gt; should set the tabIndex passed in the input element" name="&lt;InputCheckbox/&gt; should set the tabIndex passed in the input element" time="0.016">
    </testcase>
    <testcase classname="&lt;InputCheckbox/&gt; should set the disabled passed in the input element" name="&lt;InputCheckbox/&gt; should set the disabled passed in the input element" time="0.011">
    </testcase>
    <testcase classname="&lt;InputCheckbox/&gt; should pass a generated id to the Label component and set the same id to the aria-labelledby for the input when a bottomHelpText is passed" name="&lt;InputCheckbox/&gt; should pass a generated id to the Label component and set the same id to the aria-labelledby for the input when a bottomHelpText is passed" time="0.013">
    </testcase>
    <testcase classname="&lt;InputCheckbox/&gt; should pass a generated id to the Error element and set the same id to the aria-describedby for the input when a error is passed" name="&lt;InputCheckbox/&gt; should pass a generated id to the Error element and set the same id to the aria-describedby for the input when a error is passed" time="0.068">
    </testcase>
    <testcase classname="&lt;InputCheckbox/&gt; should pass the right props to the Label component" name="&lt;InputCheckbox/&gt; should pass the right props to the Label component" time="0.007">
    </testcase>
    <testcase classname="&lt;InputCheckbox/&gt; should set checked prop passed in input element" name="&lt;InputCheckbox/&gt; should set checked prop passed in input element" time="0.009">
    </testcase>
  </testsuite>
  <testsuite name="&lt;InputBase/&gt;" errors="0" failures="0" skipped="0" timestamp="2020-03-11T17:53:36" time="0.717" tests="1">
    <testcase classname="&lt;InputBase/&gt; should be accessible when label is passed" name="&lt;InputBase/&gt; should be accessible when label is passed" time="0.214">
    </testcase>
  </testsuite>
  <testsuite name="&lt;Calendar/&gt;" errors="0" failures="0" skipped="0" timestamp="2020-03-11T17:53:32" time="4.266" tests="1">
    <testcase classname="&lt;Calendar/&gt; should be accessible" name="&lt;Calendar/&gt; should be accessible" time="2.21">
    </testcase>
  </testsuite>
  <testsuite name="&lt;Card/&gt;" errors="0" failures="0" skipped="0" timestamp="2020-03-11T17:53:36" time="0.584" tests="3">
    <testcase classname="&lt;Card/&gt; should set to true the isTrue prop in RenderIf" name="&lt;Card/&gt; should set to true the isTrue prop in RenderIf" time="0.006">
    </testcase>
    <testcase classname="&lt;Card/&gt; should set to true the isTrue prop in RenderIf when isLoading" name="&lt;Card/&gt; should set to true the isTrue prop in RenderIf when isLoading" time="0.016">
    </testcase>
    <testcase classname="&lt;Card/&gt; should set to true the isTrue prop in RenderIf when footer is not passed" name="&lt;Card/&gt; should set to true the isTrue prop in RenderIf when footer is not passed" time="0.004">
    </testcase>
  </testsuite>
  <testsuite name="&lt;CheckboxList /&gt;" errors="0" failures="0" skipped="0" timestamp="2020-03-11T17:53:36" time="0.613" tests="2">
    <testcase classname="&lt;CheckboxList /&gt; should return the right amount of checkboxes " name="&lt;CheckboxList /&gt; should return the right amount of checkboxes " time="0.097">
    </testcase>
    <testcase classname="&lt;CheckboxList /&gt; should pass the right props to the Checkbox component" name="&lt;CheckboxList /&gt; should pass the right props to the Checkbox component" time="0.016">
    </testcase>
  </testsuite>
  <testsuite name="&lt;Notification/&gt;" errors="0" failures="0" skipped="0" timestamp="2020-03-11T17:53:36" time="0.707" tests="3">
    <testcase classname="&lt;Notification/&gt; should fire an event when the close button is clicked" name="&lt;Notification/&gt; should fire an event when the close button is clicked" time="0.112">
    </testcase>
    <testcase classname="&lt;Notification/&gt; should set the prop size as &quot;small&quot; in ButtonIcon" name="&lt;Notification/&gt; should set the prop size as &quot;small&quot; in ButtonIcon" time="0.012">
    </testcase>
    <testcase classname="&lt;Notification/&gt; should not display the close button when hideCloseButton props is true" name="&lt;Notification/&gt; should not display the close button when hideCloseButton props is true" time="0.007">
    </testcase>
  </testsuite>
  <testsuite name="&lt;CheckboxRadioLabel/&gt;" errors="0" failures="0" skipped="0" timestamp="2020-03-11T17:53:37" time="0.548" tests="8">
    <testcase classname="&lt;CheckboxRadioLabel/&gt; without hideLabel should set the inputId passed as the htmlFor prop in the label element" name="&lt;CheckboxRadioLabel/&gt; without hideLabel should set the inputId passed as the htmlFor prop in the label element" time="0.026">
    </testcase>
    <testcase classname="&lt;CheckboxRadioLabel/&gt; without hideLabel should set the id passed as the id prop in the label element" name="&lt;CheckboxRadioLabel/&gt; without hideLabel should set the id passed as the id prop in the label element" time="0.004">
    </testcase>
    <testcase classname="&lt;CheckboxRadioLabel/&gt; without hideLabel should render the label passed" name="&lt;CheckboxRadioLabel/&gt; without hideLabel should render the label passed" time="0.008">
    </testcase>
    <testcase classname="&lt;CheckboxRadioLabel/&gt; without hideLabel should render the StyledLabelText component" name="&lt;CheckboxRadioLabel/&gt; without hideLabel should render the StyledLabelText component" time="0.005">
    </testcase>
    <testcase classname="&lt;CheckboxRadioLabel/&gt; with hideLabel should set the inputId passed as the htmlFor prop in the label element" name="&lt;CheckboxRadioLabel/&gt; with hideLabel should set the inputId passed as the htmlFor prop in the label element" time="0.006">
    </testcase>
    <testcase classname="&lt;CheckboxRadioLabel/&gt; with hideLabel should set the id passed as the id prop in the label element" name="&lt;CheckboxRadioLabel/&gt; with hideLabel should set the id passed as the id prop in the label element" time="0.003">
    </testcase>
    <testcase classname="&lt;CheckboxRadioLabel/&gt; with hideLabel should render the label passed" name="&lt;CheckboxRadioLabel/&gt; with hideLabel should render the label passed" time="0.003">
    </testcase>
    <testcase classname="&lt;CheckboxRadioLabel/&gt; with hideLabel should render the HiddenElement component" name="&lt;CheckboxRadioLabel/&gt; with hideLabel should render the HiddenElement component" time="0.01">
    </testcase>
  </testsuite>
  <testsuite name="&lt;PickerInput/&gt;" errors="0" failures="0" skipped="0" timestamp="2020-03-11T17:53:37" time="0.674" tests="1">
    <testcase classname="&lt;PickerInput/&gt; should be focusable" name="&lt;PickerInput/&gt; should be focusable" time="0.067">
    </testcase>
  </testsuite>
  <testsuite name="&lt;ButtonGroup/&gt;" errors="0" failures="0" skipped="0" timestamp="2020-03-11T17:53:37" time="0.652" tests="2">
    <testcase classname="&lt;ButtonGroup/&gt; should be accessible, the div element should have role=&quot;group&quot;" name="&lt;ButtonGroup/&gt; should be accessible, the div element should have role=&quot;group&quot;" time="0.059">
    </testcase>
    <testcase classname="&lt;ButtonGroup/&gt; should render the amount of children passed" name="&lt;ButtonGroup/&gt; should render the amount of children passed" time="0.035">
    </testcase>
  </testsuite>
  <testsuite name="Day" errors="0" failures="0" skipped="0" timestamp="2020-03-11T17:53:37" time="0.689" tests="5">
    <testcase classname="Day should render the right day" name="Day should render the right day" time="0.06">
    </testcase>
    <testcase classname="Day should call onChange with the right date when click the button" name="Day should call onChange with the right date when click the button" time="0.021">
    </testcase>
    <testcase classname="Day should render the right day when is adjacent" name="Day should render the right day when is adjacent" time="0.01">
    </testcase>
    <testcase classname="Day should render the right day when is maxDate is less than date" name="Day should render the right day when is maxDate is less than date" time="0.01">
    </testcase>
    <testcase classname="Day should render the right day when is minDate is greater than date" name="Day should render the right day when is minDate is greater than date" time="0.005">
    </testcase>
  </testsuite>
  <testsuite name="&lt;Rating /&gt;" errors="0" failures="0" skipped="0" timestamp="2020-03-11T17:53:37" time="0.732" tests="2">
    <testcase classname="&lt;Rating /&gt; should set the value of the star hovered to the state and set the value passed to the state when the mouse leave the component" name="&lt;Rating /&gt; should set the value of the star hovered to the state and set the value passed to the state when the mouse leave the component" time="0.135">
    </testcase>
    <testcase classname="&lt;Rating /&gt; should not set the value of the star hovered to the state when readOnly is true" name="&lt;Rating /&gt; should not set the value of the star hovered to the state when readOnly is true" time="0.041">
    </testcase>
  </testsuite>
  <testsuite name="&lt;CheckboxToggle/&gt;" errors="0" failures="0" skipped="0" timestamp="2020-03-11T17:53:37" time="0.695" tests="6">
    <testcase classname="&lt;CheckboxToggle/&gt; should set type checkbox to the input element" name="&lt;CheckboxToggle/&gt; should set type checkbox to the input element" time="0.062">
    </testcase>
    <testcase classname="&lt;CheckboxToggle/&gt; should pass a generated id to the span element and set the same id to the name, the value and the aria-describedby for the input element if no name is passed" name="&lt;CheckboxToggle/&gt; should pass a generated id to the span element and set the same id to the name, the value and the aria-describedby for the input element if no name is passed" time="0.017">
    </testcase>
    <testcase classname="&lt;CheckboxToggle/&gt; should pass the name to the span element and set the same id to the name, the value and the aria-describedby for the input element if name is passed" name="&lt;CheckboxToggle/&gt; should pass the name to the span element and set the same id to the name, the value and the aria-describedby for the input element if name is passed" time="0.019">
    </testcase>
    <testcase classname="&lt;CheckboxToggle/&gt; should set the value passed to the checked prop of the input element" name="&lt;CheckboxToggle/&gt; should set the value passed to the checked prop of the input element" time="0.008">
    </testcase>
    <testcase classname="&lt;CheckboxToggle/&gt; should fire an event when the user click the checkbox" name="&lt;CheckboxToggle/&gt; should fire an event when the user click the checkbox" time="0.01">
    </testcase>
    <testcase classname="&lt;CheckboxToggle/&gt; should set the disabled passed to the disabled prop of the input element" name="&lt;CheckboxToggle/&gt; should set the disabled passed to the disabled prop of the input element" time="0.005">
    </testcase>
  </testsuite>
  <testsuite name="formatDate" errors="0" failures="0" skipped="0" timestamp="2020-03-11T17:53:37" time="0.45" tests="6">
    <testcase classname="formatDate should return an empty string when pass falsy values" name="formatDate should return an empty string when pass falsy values" time="0.003">
    </testcase>
    <testcase classname="formatDate should return an empty string when pass an invalid date" name="formatDate should return an empty string when pass an invalid date" time="0.022">
    </testcase>
    <testcase classname="formatDate should return the right formatted date" name="formatDate should return the right formatted date" time="0.002">
    </testcase>
    <testcase classname="formatDate should return the right formatted date when formatStyle large" name="formatDate should return the right formatted date when formatStyle large" time="0.004">
    </testcase>
    <testcase classname="formatDate should return the right formatted date when formatStyle small" name="formatDate should return the right formatted date when formatStyle small" time="0.002">
    </testcase>
    <testcase classname="formatDate should return the right formatted date when formatStyle is wrong" name="formatDate should return the right formatted date when formatStyle is wrong" time="0.002">
    </testcase>
  </testsuite>
  <testsuite name="&lt;InputBase/&gt;" errors="0" failures="0" skipped="0" timestamp="2020-03-11T17:53:37" time="0.807" tests="1">
    <testcase classname="&lt;InputBase/&gt; should be focusable" name="&lt;InputBase/&gt; should be focusable" time="0.107">
    </testcase>
  </testsuite>
  <testsuite name="Calendar" errors="0" failures="0" skipped="0" timestamp="2020-03-11T17:53:32" time="5.137" tests="9">
    <testcase classname="Calendar should render the component when pass falsy values" name="Calendar should render the component when pass falsy values" time="0.996">
    </testcase>
    <testcase classname="Calendar should render the right month" name="Calendar should render the right month" time="0.214">
    </testcase>
    <testcase classname="Calendar should render the prev month" name="Calendar should render the prev month" time="0.38">
    </testcase>
    <testcase classname="Calendar should render the next month" name="Calendar should render the next month" time="0.323">
    </testcase>
    <testcase classname="Calendar should set to disable the prev month button when minDate is greater than prev month date" name="Calendar should set to disable the prev month button when minDate is greater than prev month date" time="0.104">
    </testcase>
    <testcase classname="Calendar should set to disable the next month button when maxDate is less than next month date" name="Calendar should set to disable the next month button when maxDate is less than next month date" time="0.117">
    </testcase>
    <testcase classname="Calendar should render the right month when value is updated" name="Calendar should render the right month when value is updated" time="0.435">
    </testcase>
    <testcase classname="Calendar should change the year" name="Calendar should change the year" time="0.339">
    </testcase>
    <testcase classname="Calendar should set the right attributes in table element" name="Calendar should set the right attributes in table element" time="0.147">
    </testcase>
  </testsuite>
  <testsuite name="&lt;NotificationIcon/&gt;" errors="0" failures="0" skipped="0" timestamp="2020-03-11T17:53:37" time="0.591" tests="6">
    <testcase classname="&lt;NotificationIcon/&gt; should render the &quot;svg&quot; passed as icon" name="&lt;NotificationIcon/&gt; should render the &quot;svg&quot; passed as icon" time="0.022">
    </testcase>
    <testcase classname="&lt;NotificationIcon/&gt; should render the &quot;InfoIcon&quot; when the string &quot;info&quot; is passed as icon" name="&lt;NotificationIcon/&gt; should render the &quot;InfoIcon&quot; when the string &quot;info&quot; is passed as icon" time="0.006">
    </testcase>
    <testcase classname="&lt;NotificationIcon/&gt; should render the &quot;ErrorIcon&quot; when the string &quot;error&quot; is passed as icon" name="&lt;NotificationIcon/&gt; should render the &quot;ErrorIcon&quot; when the string &quot;error&quot; is passed as icon" time="0.005">
    </testcase>
    <testcase classname="&lt;NotificationIcon/&gt; should render the &quot;WarningIcon&quot; when the string &quot;warning&quot; is passed as icon" name="&lt;NotificationIcon/&gt; should render the &quot;WarningIcon&quot; when the string &quot;warning&quot; is passed as icon" time="0.005">
    </testcase>
    <testcase classname="&lt;NotificationIcon/&gt; should render the &quot;SuccessIcon&quot; when the string &quot;success&quot; is passed as icon" name="&lt;NotificationIcon/&gt; should render the &quot;SuccessIcon&quot; when the string &quot;success&quot; is passed as icon" time="0.022">
    </testcase>
    <testcase classname="&lt;NotificationIcon/&gt; should not render the &quot;icon&quot; when a wrong string is passed as icon" name="&lt;NotificationIcon/&gt; should not render the &quot;icon&quot; when a wrong string is passed as icon" time="0.005">
    </testcase>
  </testsuite>
  <testsuite name="&lt;CheckboxToggle/&gt;" errors="0" failures="0" skipped="0" timestamp="2020-03-11T17:53:37" time="0.561" tests="1">
    <testcase classname="&lt;CheckboxToggle/&gt; should be focusable" name="&lt;CheckboxToggle/&gt; should be focusable" time="0.076">
    </testcase>
  </testsuite>
  <testsuite name="&lt;HeaderTitle/&gt;" errors="0" failures="0" skipped="0" timestamp="2020-03-11T17:53:37" time="0.42" tests="1">
    <testcase classname="&lt;HeaderTitle/&gt; should set the title passed" name="&lt;HeaderTitle/&gt; should set the title passed" time="0.017">
    </testcase>
  </testsuite>
  <testsuite name="&lt;CheckboxGroup /&gt;" errors="0" failures="0" skipped="0" timestamp="2020-03-11T17:53:37" time="0.462" tests="2">
    <testcase classname="&lt;CheckboxGroup /&gt; should set an empty array when the values passed is a &quot;string&quot;" name="&lt;CheckboxGroup /&gt; should set an empty array when the values passed is a &quot;string&quot;" time="0.022">
    </testcase>
    <testcase classname="&lt;CheckboxGroup /&gt; should set the right values when the values passed is not a &quot;string&quot;" name="&lt;CheckboxGroup /&gt; should set the right values when the values passed is not a &quot;string&quot;" time="0.004">
    </testcase>
  </testsuite>
  <testsuite name="&lt;InputBaseLabel/&gt;" errors="0" failures="0" skipped="0" timestamp="2020-03-11T17:53:37" time="0.452" tests="9">
    <testcase classname="&lt;InputBaseLabel/&gt; without hideLabel should set the inputId passed as the htmlFor prop in the label element" name="&lt;InputBaseLabel/&gt; without hideLabel should set the inputId passed as the htmlFor prop in the label element" time="0.027">
    </testcase>
    <testcase classname="&lt;InputBaseLabel/&gt; without hideLabel should set the id passed as the id prop in the label element" name="&lt;InputBaseLabel/&gt; without hideLabel should set the id passed as the id prop in the label element" time="0.007">
    </testcase>
    <testcase classname="&lt;InputBaseLabel/&gt; without hideLabel should set the required prop passed in the RequiredAsterisk component" name="&lt;InputBaseLabel/&gt; without hideLabel should set the required prop passed in the RequiredAsterisk component" time="0.006">
    </testcase>
    <testcase classname="&lt;InputBaseLabel/&gt; without hideLabel should render the label passed" name="&lt;InputBaseLabel/&gt; without hideLabel should render the label passed" time="0.003">
    </testcase>
    <testcase classname="&lt;InputBaseLabel/&gt; without hideLabel should render the LabelText component" name="&lt;InputBaseLabel/&gt; without hideLabel should render the LabelText component" time="0.003">
    </testcase>
    <testcase classname="&lt;InputBaseLabel/&gt; with hideLabel should set the inputId passed as the htmlFor prop in the label element" name="&lt;InputBaseLabel/&gt; with hideLabel should set the inputId passed as the htmlFor prop in the label element" time="0.004">
    </testcase>
    <testcase classname="&lt;InputBaseLabel/&gt; with hideLabel should set the id passed as the id prop in the label element" name="&lt;InputBaseLabel/&gt; with hideLabel should set the id passed as the id prop in the label element" time="0.003">
    </testcase>
    <testcase classname="&lt;InputBaseLabel/&gt; with hideLabel should render the label passed" name="&lt;InputBaseLabel/&gt; with hideLabel should render the label passed" time="0.003">
    </testcase>
    <testcase classname="&lt;InputBaseLabel/&gt; with hideLabel should render the HiddenElement component" name="&lt;InputBaseLabel/&gt; with hideLabel should render the HiddenElement component" time="0.003">
    </testcase>
  </testsuite>
  <testsuite name="&lt;CardBody/&gt;" errors="0" failures="0" skipped="0" timestamp="2020-03-11T17:53:37" time="0.461" tests="4">
    <testcase classname="&lt;CardBody/&gt; should render the Spinner when isLoading is passed" name="&lt;CardBody/&gt; should render the Spinner when isLoading is passed" time="0.048">
    </testcase>
    <testcase classname="&lt;CardBody/&gt; should not render the Spinner when isLoading is not passed" name="&lt;CardBody/&gt; should not render the Spinner when isLoading is not passed" time="0.002">
    </testcase>
    <testcase classname="&lt;CardBody/&gt; should render the children when isLoading is not passed" name="&lt;CardBody/&gt; should render the children when isLoading is not passed" time="0.002">
    </testcase>
    <testcase classname="&lt;CardBody/&gt; should not render the children when isLoading is passed" name="&lt;CardBody/&gt; should not render the children when isLoading is passed" time="0.005">
    </testcase>
  </testsuite>
  <testsuite name="&lt;InputRadio/&gt;" errors="0" failures="0" skipped="0" timestamp="2020-03-11T17:53:37" time="0.462" tests="1">
    <testcase classname="&lt;InputRadio/&gt; should be focusable" name="&lt;InputRadio/&gt; should be focusable" time="0.047">
    </testcase>
  </testsuite>
  <testsuite name="&lt;InputCheckbox/&gt;" errors="0" failures="0" skipped="0" timestamp="2020-03-11T17:53:37" time="0.501" tests="1">
    <testcase classname="&lt;InputCheckbox/&gt; should be focusable" name="&lt;InputCheckbox/&gt; should be focusable" time="0.066">
    </testcase>
  </testsuite>
  <testsuite name="getFormattedMonth" errors="0" failures="0" skipped="0" timestamp="2020-03-11T17:53:38" time="0.41" tests="2">
    <testcase classname="getFormattedMonth should return the right month" name="getFormattedMonth should return the right month" time="0.001">
    </testcase>
    <testcase classname="getFormattedMonth should return an empty string when pass an invalid date" name="getFormattedMonth should return an empty string when pass an invalid date" time="0.015">
    </testcase>
  </testsuite>
  <testsuite name="&lt;NotificationTitle/&gt;" errors="0" failures="0" skipped="0" timestamp="2020-03-11T17:53:38" time="0.415" tests="2">
    <testcase classname="&lt;NotificationTitle/&gt; should render the string passed as text in the tag &quot;h1&quot;" name="&lt;NotificationTitle/&gt; should render the string passed as text in the tag &quot;h1&quot;" time="0.02">
    </testcase>
    <testcase classname="&lt;NotificationTitle/&gt; should render the &quot;title&quot; passed as text" name="&lt;NotificationTitle/&gt; should render the &quot;title&quot; passed as text" time="0.002">
    </testcase>
  </testsuite>
  <testsuite name="formatDate" errors="0" failures="0" skipped="0" timestamp="2020-03-11T17:53:38" time="0.464" tests="6">
    <testcase classname="formatDate should return an empty string when pass falsy values" name="formatDate should return an empty string when pass falsy values" time="0.001">
    </testcase>
    <testcase classname="formatDate should return an empty string when pass an invalid date" name="formatDate should return an empty string when pass an invalid date" time="0.02">
    </testcase>
    <testcase classname="formatDate should return the right formatted date" name="formatDate should return the right formatted date" time="0.002">
    </testcase>
    <testcase classname="formatDate should return the right formatted date when formatStyle large" name="formatDate should return the right formatted date when formatStyle large" time="0.002">
    </testcase>
    <testcase classname="formatDate should return the right formatted date when formatStyle small" name="formatDate should return the right formatted date when formatStyle small" time="0.003">
    </testcase>
    <testcase classname="formatDate should return the right formatted date when formatStyle is wrong" name="formatDate should return the right formatted date when formatStyle is wrong" time="0.002">
    </testcase>
  </testsuite>
  <testsuite name="&lt;NotificationDescription/&gt;" errors="0" failures="0" skipped="0" timestamp="2020-03-11T17:53:38" time="0.409" tests="2">
    <testcase classname="&lt;NotificationDescription/&gt; should render the string passed as text in the tag &quot;p&quot;" name="&lt;NotificationDescription/&gt; should render the string passed as text in the tag &quot;p&quot;" time="0.015">
    </testcase>
    <testcase classname="&lt;NotificationDescription/&gt; should render the &quot;span&quot; passed as text" name="&lt;NotificationDescription/&gt; should render the &quot;span&quot; passed as text" time="0.002">
    </testcase>
  </testsuite>
  <testsuite name="&lt;ActivityTimeline/&gt;" errors="0" failures="0" skipped="0" timestamp="2020-03-11T17:53:38" time="0.501" tests="1">
    <testcase classname="&lt;ActivityTimeline/&gt; should render the children passed" name="&lt;ActivityTimeline/&gt; should render the children passed" time="0.03">
    </testcase>
  </testsuite>
  <testsuite name="getFirstDayMonth" errors="0" failures="0" skipped="0" timestamp="2020-03-11T17:53:38" time="0.335" tests="2">
    <testcase classname="getFirstDayMonth should return a 2019/03/01 when 2019/03/21" name="getFirstDayMonth should return a 2019/03/01 when 2019/03/21" time="0.004">
    </testcase>
    <testcase classname="getFirstDayMonth should return the firs date of the current month when date passed is invalid" name="getFirstDayMonth should return the firs date of the current month when date passed is invalid" time="0.001">
    </testcase>
  </testsuite>
  <testsuite name="getSuggestions" errors="0" failures="0" skipped="0" timestamp="2020-03-11T17:53:38" time="0.345" tests="1">
    <testcase classname="getSuggestions should return the suggestions list formated as options list for Lookup (with search term highlighted)" name="getSuggestions should return the suggestions list formated as options list for Lookup (with search term highlighted)" time="0.011">
    </testcase>
  </testsuite>
  <testsuite name="getNextFocusedDate" errors="0" failures="0" skipped="0" timestamp="2020-03-11T17:53:38" time="0.349" tests="3">
    <testcase classname="getNextFocusedDate should return the first day of current month when dates are not set" name="getNextFocusedDate should return the first day of current month when dates are not set" time="0.001">
    </testcase>
    <testcase classname="getNextFocusedDate should return the first day of the second date when dates are not in the same month or year" name="getNextFocusedDate should return the first day of the second date when dates are not in the same month or year" time="0.001">
    </testcase>
    <testcase classname="getNextFocusedDate should return the first date passed when dates are in the same month and year" name="getNextFocusedDate should return the first date passed when dates are in the same month and year" time="0.001">
    </testcase>
  </testsuite>
  <testsuite name="isSameDay" errors="0" failures="0" skipped="0" timestamp="2020-03-11T17:53:38" time="0.367" tests="3">
    <testcase classname="isSameDay should return true when dates passed are the same" name="isSameDay should return true when dates passed are the same" time="0.002">
    </testcase>
    <testcase classname="isSameDay should return false when dates passed are not the same" name="isSameDay should return false when dates passed are not the same" time="0.001">
    </testcase>
    <testcase classname="isSameDay should return false when pass an invalid date" name="isSameDay should return false when pass an invalid date" time="0.013">
    </testcase>
  </testsuite>
  <testsuite name="getSearchForOption" errors="0" failures="0" skipped="0" timestamp="2020-03-11T17:53:38" time="0.391" tests="1">
    <testcase classname="getSearchForOption should return the search term formated as option for Lookup" name="getSearchForOption should return the search term formated as option for Lookup" time="0.002">
    </testcase>
  </testsuite>
  <testsuite name="getLocale" errors="0" failures="0" skipped="0" timestamp="2020-03-11T17:53:38" time="0.339" tests="3">
    <testcase classname="getLocale should return the browser local" name="getLocale should return the browser local" time="0.002">
    </testcase>
    <testcase classname="getLocale should return the locale value" name="getLocale should return the locale value" time="0.001">
    </testcase>
    <testcase classname="getLocale should return the localeProp value" name="getLocale should return the localeProp value" time="0">
    </testcase>
  </testsuite>
  <testsuite name="isDateBeyondLimit" errors="0" failures="0" skipped="0" timestamp="2020-03-11T17:53:38" time="0.373" tests="2">
    <testcase classname="isDateBeyondLimit should return true" name="isDateBeyondLimit should return true" time="0.001">
    </testcase>
    <testcase classname="isDateBeyondLimit should return false" name="isDateBeyondLimit should return false" time="0.001">
    </testcase>
  </testsuite>
  <testsuite name="compareDates" errors="0" failures="0" skipped="0" timestamp="2020-03-11T17:53:38" time="0.319" tests="3">
    <testcase classname="compareDates should return -1" name="compareDates should return -1" time="0.001">
    </testcase>
    <testcase classname="compareDates should return 0" name="compareDates should return 0" time="0">
    </testcase>
    <testcase classname="compareDates should return 1" name="compareDates should return 1" time="0.001">
    </testcase>
  </testsuite>
  <testsuite name="&lt;DatePicker/&gt;" errors="0" failures="0" skipped="0" timestamp="2020-03-11T17:53:32" time="5.871" tests="1">
    <testcase classname="&lt;DatePicker/&gt; should be accessible" name="&lt;DatePicker/&gt; should be accessible" time="0.519">
    </testcase>
  </testsuite>
  <testsuite name="getYearsRange" errors="0" failures="0" skipped="0" timestamp="2020-03-11T17:53:38" time="0.337" tests="2">
    <testcase classname="getYearsRange should return the right years range when only currentMonth is passed" name="getYearsRange should return the right years range when only currentMonth is passed" time="0.003">
    </testcase>
    <testcase classname="getYearsRange should return the right years range when minDate and maxDate are passed" name="getYearsRange should return the right years range when minDate and maxDate are passed" time="0.002">
    </testcase>
  </testsuite>
  <testsuite name="&lt;AssistiveText/&gt;" errors="0" failures="0" skipped="0" timestamp="2020-03-11T17:53:38" time="0.36" tests="2">
    <testcase classname="&lt;AssistiveText/&gt; should render the span element when the text is passed" name="&lt;AssistiveText/&gt; should render the span element when the text is passed" time="0.023">
    </testcase>
    <testcase classname="&lt;AssistiveText/&gt; should render the text passed" name="&lt;AssistiveText/&gt; should render the text passed" time="0.013">
    </testcase>
  </testsuite>
  <testsuite name="isSameMonth" errors="0" failures="0" skipped="0" timestamp="2020-03-11T17:53:38" time="0.395" tests="3">
    <testcase classname="isSameMonth should return true when dates passed are in the same month" name="isSameMonth should return true when dates passed are in the same month" time="0.002">
    </testcase>
    <testcase classname="isSameMonth should return false when dates passed are not in the same month" name="isSameMonth should return false when dates passed are not in the same month" time="0.001">
    </testcase>
    <testcase classname="isSameMonth should return false when pass an invalid date" name="isSameMonth should return false when pass an invalid date" time="0.004">
    </testcase>
  </testsuite>
  <testsuite name="getLastDayMonth" errors="0" failures="0" skipped="0" timestamp="2020-03-11T17:53:38" time="0.292" tests="1">
    <testcase classname="getLastDayMonth should return a Date of 2019/03/31 when 2019/03/01" name="getLastDayMonth should return a Date of 2019/03/31 when 2019/03/01" time="0.001">
    </testcase>
  </testsuite>
  <testsuite name="getSign" errors="0" failures="0" skipped="0" timestamp="2020-03-11T17:53:38" time="0.3" tests="3">
    <testcase classname="getSign should return -1" name="getSign should return -1" time="0.002">
    </testcase>
    <testcase classname="getSign should return 0" name="getSign should return 0" time="0.001">
    </testcase>
    <testcase classname="getSign should return 1" name="getSign should return 1" time="0.001">
    </testcase>
  </testsuite>
  <testsuite name="isSameYear" errors="0" failures="0" skipped="0" timestamp="2020-03-11T17:53:38" time="0.31" tests="3">
    <testcase classname="isSameYear should return true when dates passed are in the same year" name="isSameYear should return true when dates passed are in the same year" time="0.001">
    </testcase>
    <testcase classname="isSameYear should return false when dates passed are in the same year" name="isSameYear should return false when dates passed are in the same year" time="0.001">
    </testcase>
    <testcase classname="isSameYear should return false when pass an invalid date" name="isSameYear should return false when pass an invalid date" time="0.012">
    </testcase>
  </testsuite>
  <testsuite name="isDateBelowLimit" errors="0" failures="0" skipped="0" timestamp="2020-03-11T17:53:38" time="0.29" tests="2">
    <testcase classname="isDateBelowLimit should return true" name="isDateBelowLimit should return true" time="0.001">
    </testcase>
    <testcase classname="isDateBelowLimit should return false" name="isDateBelowLimit should return false" time="0.001">
    </testcase>
  </testsuite>
  <testsuite name="&lt;Accordion/&gt; utils" errors="0" failures="0" skipped="0" timestamp="2020-03-11T17:53:38" time="0.334" tests="5">
    <testcase classname="&lt;Accordion/&gt; utils insertChildOrderly should insert the child in the right order if the item in the nodes is at middle" name="&lt;Accordion/&gt; utils insertChildOrderly should insert the child in the right order if the item in the nodes is at middle" time="0.003">
    </testcase>
    <testcase classname="&lt;Accordion/&gt; utils insertChildOrderly should insert the child in the right order if the item in the nodes is at end" name="&lt;Accordion/&gt; utils insertChildOrderly should insert the child in the right order if the item in the nodes is at end" time="0.001">
    </testcase>
    <testcase classname="&lt;Accordion/&gt; utils getChildAccordionSectionNodes should call querySelectorAll with the right value" name="&lt;Accordion/&gt; utils getChildAccordionSectionNodes should call querySelectorAll with the right value" time="0.001">
    </testcase>
    <testcase classname="&lt;Accordion/&gt; utils getChildAccordionSectionNodes should return the elements resolved by querySelectorAll" name="&lt;Accordion/&gt; utils getChildAccordionSectionNodes should return the elements resolved by querySelectorAll" time="0">
    </testcase>
    <testcase classname="&lt;Accordion/&gt; utils getChildAccordionSectionNodes should return an empty array if anything is passed" name="&lt;Accordion/&gt; utils getChildAccordionSectionNodes should return an empty array if anything is passed" time="0">
    </testcase>
  </testsuite>
  <testsuite name="getCalendarBounds" errors="0" failures="0" skipped="0" timestamp="2020-03-11T17:53:38" time="0.307" tests="4">
    <testcase classname="getCalendarBounds should return the right bounds when minDate and maxDate are not set" name="getCalendarBounds should return the right bounds when minDate and maxDate are not set" time="0.002">
    </testcase>
    <testcase classname="getCalendarBounds should return the right bounds when minDate is set" name="getCalendarBounds should return the right bounds when minDate is set" time="0">
    </testcase>
    <testcase classname="getCalendarBounds should return the right bounds when maxDate is set" name="getCalendarBounds should return the right bounds when maxDate is set" time="0.001">
    </testcase>
    <testcase classname="getCalendarBounds should return the right bounds when minDate and maxDate are set" name="getCalendarBounds should return the right bounds when minDate and maxDate are set" time="0">
    </testcase>
  </testsuite>
  <testsuite name="&lt;DatePicker/&gt;" errors="0" failures="0" skipped="0" timestamp="2020-03-11T17:53:32" time="6.241" tests="1">
    <testcase classname="&lt;DatePicker/&gt; should be focusable" name="&lt;DatePicker/&gt; should be focusable" time="0.787">
    </testcase>
  </testsuite>
  <testsuite name="uniqueId" errors="0" failures="0" skipped="0" timestamp="2020-03-11T17:53:38" time="0.295" tests="2">
    <testcase classname="uniqueId should return the unique id" name="uniqueId should return the unique id" time="0.001">
    </testcase>
    <testcase classname="uniqueId should return the unique id with the prefix passed" name="uniqueId should return the unique id with the prefix passed" time="0.001">
    </testcase>
  </testsuite>
  <testsuite name="isOptionSelected" errors="0" failures="0" skipped="0" timestamp="2020-03-11T17:53:38" time="0.329" tests="4">
    <testcase classname="isOptionSelected should return false if values is falsy" name="isOptionSelected should return false if values is falsy" time="0.002">
    </testcase>
    <testcase classname="isOptionSelected should return false if values is truty but not an array" name="isOptionSelected should return false if values is truty but not an array" time="0.001">
    </testcase>
    <testcase classname="isOptionSelected should return false if the option does not exists in the values array" name="isOptionSelected should return false if the option does not exists in the values array" time="0.001">
    </testcase>
    <testcase classname="isOptionSelected should return true if the option exists in the values array" name="isOptionSelected should return true if the option exists in the values array" time="0">
    </testcase>
  </testsuite>
  <testsuite name="&lt;TimeSelect/&gt;" errors="0" failures="0" skipped="0" timestamp="2020-03-11T17:53:32" time="6.479" tests="47">
    <testcase classname="&lt;TimeSelect/&gt; should set hour value to &quot;01&quot; when hour input is focused and press up key" name="&lt;TimeSelect/&gt; should set hour value to &quot;01&quot; when hour input is focused and press up key" time="0.367">
    </testcase>
    <testcase classname="&lt;TimeSelect/&gt; should set hour value to &quot;12&quot; when hour input is focused and press down key" name="&lt;TimeSelect/&gt; should set hour value to &quot;12&quot; when hour input is focused and press down key" time="0.099">
    </testcase>
    <testcase classname="&lt;TimeSelect/&gt; should set hour value to &quot;12&quot; when hour input has 00 as value and press down key while hour input is focused" name="&lt;TimeSelect/&gt; should set hour value to &quot;12&quot; when hour input has 00 as value and press down key while hour input is focused" time="0.092">
    </testcase>
    <testcase classname="&lt;TimeSelect/&gt; should set hour value to &quot;05&quot; when hour input is focused and press up key for 5 times" name="&lt;TimeSelect/&gt; should set hour value to &quot;05&quot; when hour input is focused and press up key for 5 times" time="0.131">
    </testcase>
    <testcase classname="&lt;TimeSelect/&gt; should set the right hour value and focus minutes input" name="&lt;TimeSelect/&gt; should set the right hour value and focus minutes input" time="0.652">
    </testcase>
    <testcase classname="&lt;TimeSelect/&gt; should set hour value to &quot;01&quot; when hour input is focused and click up button" name="&lt;TimeSelect/&gt; should set hour value to &quot;01&quot; when hour input is focused and click up button" time="0.067">
    </testcase>
    <testcase classname="&lt;TimeSelect/&gt; should set hour value to &quot;02&quot; when hour input is focused, click up button and then type &quot;2&quot;" name="&lt;TimeSelect/&gt; should set hour value to &quot;02&quot; when hour input is focused, click up button and then type &quot;2&quot;" time="0.06">
    </testcase>
    <testcase classname="&lt;TimeSelect/&gt; should set hour value to &quot;12&quot; when hour input is focused and click down button" name="&lt;TimeSelect/&gt; should set hour value to &quot;12&quot; when hour input is focused and click down button" time="0.047">
    </testcase>
    <testcase classname="&lt;TimeSelect/&gt; should set hour value to &quot;02&quot; when hour input is focused, click down button and then type &quot;2&quot;" name="&lt;TimeSelect/&gt; should set hour value to &quot;02&quot; when hour input is focused, click down button and then type &quot;2&quot;" time="0.053">
    </testcase>
    <testcase classname="&lt;TimeSelect/&gt; should set hour value to &quot;12&quot; when hour input is focused, type 0 and then blur the hour input" name="&lt;TimeSelect/&gt; should set hour value to &quot;12&quot; when hour input is focused, type 0 and then blur the hour input" time="0.065">
    </testcase>
    <testcase classname="&lt;TimeSelect/&gt; should set hour value to &quot;12&quot; when press right key after press up key and type 0 while hour input is focused" name="&lt;TimeSelect/&gt; should set hour value to &quot;12&quot; when press right key after press up key and type 0 while hour input is focused" time="0.078">
    </testcase>
    <testcase classname="&lt;TimeSelect/&gt; should set hour value to &quot;03&quot; and focus the minutes input when type &quot;03&quot; after press up key while hour input is focused" name="&lt;TimeSelect/&gt; should set hour value to &quot;03&quot; and focus the minutes input when type &quot;03&quot; after press up key while hour input is focused" time="0.066">
    </testcase>
    <testcase classname="&lt;TimeSelect/&gt; should set minutes value to &quot;00&quot; when minutes input is focused and press up key" name="&lt;TimeSelect/&gt; should set minutes value to &quot;00&quot; when minutes input is focused and press up key" time="0.042">
    </testcase>
    <testcase classname="&lt;TimeSelect/&gt; should set minutes value to &quot;59&quot; when minutes input is focused and press down key" name="&lt;TimeSelect/&gt; should set minutes value to &quot;59&quot; when minutes input is focused and press down key" time="0.058">
    </testcase>
    <testcase classname="&lt;TimeSelect/&gt; should set minutes value to &quot;02&quot; when minutes input is focused and press up key for 3 times" name="&lt;TimeSelect/&gt; should set minutes value to &quot;02&quot; when minutes input is focused and press up key for 3 times" time="0.076">
    </testcase>
    <testcase classname="&lt;TimeSelect/&gt; should set the right minutes value and focus ampm input" name="&lt;TimeSelect/&gt; should set the right minutes value and focus ampm input" time="0.379">
    </testcase>
    <testcase classname="&lt;TimeSelect/&gt; should set minutes value to &quot;00&quot; when minutes input is focused and click up button" name="&lt;TimeSelect/&gt; should set minutes value to &quot;00&quot; when minutes input is focused and click up button" time="0.053">
    </testcase>
    <testcase classname="&lt;TimeSelect/&gt; should set minutes value to &quot;02&quot; when minutes input is focused and click up button and then type &quot;2&quot;" name="&lt;TimeSelect/&gt; should set minutes value to &quot;02&quot; when minutes input is focused and click up button and then type &quot;2&quot;" time="0.058">
    </testcase>
    <testcase classname="&lt;TimeSelect/&gt; should set minutes value to &quot;59&quot; when minutes input is focused and click down button" name="&lt;TimeSelect/&gt; should set minutes value to &quot;59&quot; when minutes input is focused and click down button" time="0.062">
    </testcase>
    <testcase classname="&lt;TimeSelect/&gt; should set minutes value to &quot;02&quot; when minutes input is focused and click down button and then type &quot;2&quot;" name="&lt;TimeSelect/&gt; should set minutes value to &quot;02&quot; when minutes input is focused and click down button and then type &quot;2&quot;" time="0.067">
    </testcase>
    <testcase classname="&lt;TimeSelect/&gt; should focus minutes input when hour input is focused and press right key" name="&lt;TimeSelect/&gt; should focus minutes input when hour input is focused and press right key" time="0.053">
    </testcase>
    <testcase classname="&lt;TimeSelect/&gt; should focus minutes input when ampm input is focused and press left key" name="&lt;TimeSelect/&gt; should focus minutes input when ampm input is focused and press left key" time="0.218">
    </testcase>
    <testcase classname="&lt;TimeSelect/&gt; should keep the hour input focused when it is focused and press left key" name="&lt;TimeSelect/&gt; should keep the hour input focused when it is focused and press left key" time="0.071">
    </testcase>
    <testcase classname="&lt;TimeSelect/&gt; should keep the ampm input focused when it is focused and press right key" name="&lt;TimeSelect/&gt; should keep the ampm input focused when it is focused and press right key" time="0.052">
    </testcase>
    <testcase classname="&lt;TimeSelect/&gt; should pass the right defaultValue to AmPmSelect when up or down key is not pressed and does not have value initially" name="&lt;TimeSelect/&gt; should pass the right defaultValue to AmPmSelect when up or down key is not pressed and does not have value initially" time="0.04">
    </testcase>
    <testcase classname="&lt;TimeSelect/&gt; should pass the right value to AmPmSelect when it is focused and up or down key is pressed" name="&lt;TimeSelect/&gt; should pass the right value to AmPmSelect when it is focused and up or down key is pressed" time="0.185">
    </testcase>
    <testcase classname="&lt;TimeSelect/&gt; should reset hour input when has a value and press delete key while it is focused" name="&lt;TimeSelect/&gt; should reset hour input when has a value and press delete key while it is focused" time="0.049">
    </testcase>
    <testcase classname="&lt;TimeSelect/&gt; should reset minutes input when has a value and press delete key while it is focused" name="&lt;TimeSelect/&gt; should reset minutes input when has a value and press delete key while it is focused" time="0.057">
    </testcase>
[...]
    </testcase>
  </testsuite>
  <testsuite name="&lt;normalizeValue/&gt;" errors="0" failures="0" skipped="0" timestamp="2020-03-11T17:53:48" time="0.3" tests="5">
    <testcase classname="&lt;normalizeValue/&gt; should return the same value passed if it is between 0 and 100" name="&lt;normalizeValue/&gt; should return the same value passed if it is between 0 and 100" time="0.001">
    </testcase>
    <testcase classname="&lt;normalizeValue/&gt; should return 0 if the value passed is less than 0" name="&lt;normalizeValue/&gt; should return 0 if the value passed is less than 0" time="0.001">
    </testcase>
    <testcase classname="&lt;normalizeValue/&gt; should return 100 if the value passed is more than 100" name="&lt;normalizeValue/&gt; should return 100 if the value passed is more than 100" time="0">
    </testcase>
    <testcase classname="&lt;normalizeValue/&gt; should return 100 if the value passed is equal 100" name="&lt;normalizeValue/&gt; should return 100 if the value passed is equal 100" time="0.005">
    </testcase>
    <testcase classname="&lt;normalizeValue/&gt; should return 0 if the value passed is equal 0" name="&lt;normalizeValue/&gt; should return 0 if the value passed is equal 0" time="0.001">
    </testcase>
  </testsuite>
  <testsuite name="extractDate" errors="0" failures="0" skipped="0" timestamp="2020-03-11T17:53:48" time="0.294" tests="3">
    <testcase classname="extractDate should return an empty string when pass falsy values" name="extractDate should return an empty string when pass falsy values" time="0.002">
    </testcase>
    <testcase classname="extractDate should return an empty string when pass an invalid date" name="extractDate should return an empty string when pass an invalid date" time="0.01">
    </testcase>
    <testcase classname="extractDate should return the right date" name="extractDate should return the right date" time="0.002">
    </testcase>
  </testsuite>
  <testsuite name="&lt;SelectOptions /&gt;" errors="0" failures="0" skipped="0" timestamp="2020-03-11T17:53:48" time="0.307" tests="2">
    <testcase classname="&lt;SelectOptions /&gt; should return the right amount of option items" name="&lt;SelectOptions /&gt; should return the right amount of option items" time="0.014">
    </testcase>
    <testcase classname="&lt;SelectOptions /&gt; should pass the right props to option element" name="&lt;SelectOptions /&gt; should pass the right props to option element" time="0.004">
    </testcase>
  </testsuite>
  <testsuite name="isOptionVisible" errors="0" failures="0" skipped="0" timestamp="2020-03-11T17:53:48" time="0.307" tests="4">
    <testcase classname="isOptionVisible should return true when rect dimensions match in element and container" name="isOptionVisible should return true when rect dimensions match in element and container" time="0.001">
    </testcase>
    <testcase classname="isOptionVisible should return true when element rect dimensions are inside container" name="isOptionVisible should return true when element rect dimensions are inside container" time="0">
    </testcase>
    <testcase classname="isOptionVisible should return false when element top is less than container top" name="isOptionVisible should return false when element top is less than container top" time="0.001">
    </testcase>
    <testcase classname="isOptionVisible should return false when element bottom is greater than container bottom" name="isOptionVisible should return false when element bottom is greater than container bottom" time="0.001">
    </testcase>
  </testsuite>
  <testsuite name="resolveDatasets function" errors="0" failures="0" skipped="0" timestamp="2020-03-11T17:53:48" time="0.288" tests="1">
    <testcase classname="resolveDatasets function should return the dataset array with all the data" name="resolveDatasets function should return the dataset array with all the data" time="0.001">
    </testcase>
  </testsuite>
  <testsuite name="getOptionsLength" errors="0" failures="0" skipped="0" timestamp="2020-03-11T17:53:48" time="0.284" tests="3">
    <testcase classname="getOptionsLength should return 0" name="getOptionsLength should return 0" time="0.001">
    </testcase>
    <testcase classname="getOptionsLength should return the right length when there is not type &quot;header&quot;" name="getOptionsLength should return the right length when there is not type &quot;header&quot;" time="0.001">
    </testcase>
    <testcase classname="getOptionsLength should return the right length when there is type &quot;header&quot;" name="getOptionsLength should return the right length when there is type &quot;header&quot;" time="0">
    </testcase>
  </testsuite>
  <testsuite name="isDisabledRow" errors="0" failures="0" skipped="0" timestamp="2020-03-11T17:53:48" time="0.294" tests="6">
    <testcase classname="isDisabledRow should return false when any params are passed" name="isDisabledRow should return false when any params are passed" time="0">
    </testcase>
    <testcase classname="isDisabledRow should return false when the row is selected" name="isDisabledRow should return false when the row is selected" time="0.001">
    </testcase>
    <testcase classname="isDisabledRow should return false when the row is not selected but maxRowSelection 1" name="isDisabledRow should return false when the row is not selected but maxRowSelection 1" time="0">
    </testcase>
    <testcase classname="isDisabledRow should return false when the row is not selected, maxRowSelection is not 1 and does not match with selectedRowKeys length" name="isDisabledRow should return false when the row is not selected, maxRowSelection is not 1 and does not match with selectedRowKeys length" time="0">
    </testcase>
    <testcase classname="isDisabledRow should return true when maxRowSelection is 0" name="isDisabledRow should return true when maxRowSelection is 0" time="0">
    </testcase>
    <testcase classname="isDisabledRow should return true when row is not selected and maxRowSelection match with selectedRowKeys length" name="isDisabledRow should return true when row is not selected and maxRowSelection match with selectedRowKeys length" time="0.001">
    </testcase>
  </testsuite>
  <testsuite name="getResizedColumns" errors="0" failures="0" skipped="0" timestamp="2020-03-11T17:53:48" time="0.298" tests="2">
    <testcase classname="getResizedColumns should return the same columns passed" name="getResizedColumns should return the same columns passed" time="0.001">
    </testcase>
    <testcase classname="getResizedColumns should return the right columns" name="getResizedColumns should return the right columns" time="0.001">
    </testcase>
  </testsuite>
  <testsuite name="getColumns" errors="0" failures="0" skipped="0" timestamp="2020-03-11T17:53:48" time="0.326" tests="8">
    <testcase classname="getColumns should return null when children is null and showCheckboxColumn is false" name="getColumns should return null when children is null and showCheckboxColumn is false" time="0.001">
    </testcase>
    <testcase classname="getColumns should return an empty array when children is not passed" name="getColumns should return an empty array when children is not passed" time="0.001">
    </testcase>
    <testcase classname="getColumns should return an empty array when children is an array with falsy values and showCheckboxColumn is false" name="getColumns should return an empty array when children is an array with falsy values and showCheckboxColumn is false" time="0">
    </testcase>
    <testcase classname="getColumns should return an array with the columns props when showCheckboxColumn is false" name="getColumns should return an array with the columns props when showCheckboxColumn is false" time="0.002">
    </testcase>
    <testcase classname="getColumns should return an array with the columns props plus the selectable column when showCheckboxColumn is true" name="getColumns should return an array with the columns props plus the selectable column when showCheckboxColumn is true" time="0.001">
    </testcase>
    <testcase classname="getColumns should return an array with the right columns props when one column is type &quot;action&quot;" name="getColumns should return an array with the right columns props when one column is type &quot;action&quot;" time="0.003">
    </testcase>
    <testcase classname="getColumns should return an array with the right columns props when defaultWidth and width are passed" name="getColumns should return an array with the right columns props when defaultWidth and width are passed" time="0.001">
    </testcase>
    <testcase classname="getColumns should return an array with the right columns props when defaultWidth is passed and is out of range" name="getColumns should return an array with the right columns props when defaultWidth is passed and is out of range" time="0.001">
    </testcase>
  </testsuite>
  <testsuite name="isChildRegistered" errors="0" failures="0" skipped="0" timestamp="2020-03-11T17:53:48" time="0.288" tests="2">
    <testcase classname="isChildRegistered should return true if children is already registered" name="isChildRegistered should return true if children is already registered" time="0.001">
    </testcase>
    <testcase classname="isChildRegistered should return false if children is not registered" name="isChildRegistered should return false if children is not registered" time="0.001">
    </testcase>
  </testsuite>
  <testsuite name="&lt;RenderIf/&gt;" errors="0" failures="0" skipped="0" timestamp="2020-03-11T17:53:48" time="0.435" tests="2">
    <testcase classname="&lt;RenderIf/&gt; should not render the children when isTrue is false" name="&lt;RenderIf/&gt; should not render the children when isTrue is false" time="0.02">
    </testcase>
    <testcase classname="&lt;RenderIf/&gt; should render the children when isTrue is true" name="&lt;RenderIf/&gt; should render the children when isTrue is true" time="0.003">
    </testcase>
  </testsuite>
  <testsuite name="getUpdatedRowsWhenSelectAll" errors="0" failures="0" skipped="0" timestamp="2020-03-11T17:53:48" time="0.299" tests="5">
    <testcase classname="getUpdatedRowsWhenSelectAll should an empty array when any params are passed" name="getUpdatedRowsWhenSelectAll should an empty array when any params are passed" time="0.001">
    </testcase>
    <testcase classname="getUpdatedRowsWhenSelectAll should the right rows when only rows param is passed" name="getUpdatedRowsWhenSelectAll should the right rows when only rows param is passed" time="0.001">
    </testcase>
    <testcase classname="getUpdatedRowsWhenSelectAll should the right rows when maxRowSelection is 1" name="getUpdatedRowsWhenSelectAll should the right rows when maxRowSelection is 1" time="0.001">
    </testcase>
    <testcase classname="getUpdatedRowsWhenSelectAll should the right rows when maxRowSelection is 2" name="getUpdatedRowsWhenSelectAll should the right rows when maxRowSelection is 2" time="0.001">
    </testcase>
    <testcase classname="getUpdatedRowsWhenSelectAll should the right rows when maxRowSelection is 3" name="getUpdatedRowsWhenSelectAll should the right rows when maxRowSelection is 3" time="0.001">
    </testcase>
  </testsuite>
  <testsuite name="getSearchParams" errors="0" failures="0" skipped="0" timestamp="2020-03-11T17:53:48" time="0.299" tests="3">
    <testcase classname="getSearchParams should convert searchOptions (with bounds and types) into google.maps.places.AutocompleteRequest search options" name="getSearchParams should convert searchOptions (with bounds and types) into google.maps.places.AutocompleteRequest search options" time="0.002">
    </testcase>
    <testcase classname="getSearchParams should convert searchOptions (with location, radiusn types and country) into google.maps.places.AutocompleteRequest search options" name="getSearchParams should convert searchOptions (with location, radiusn types and country) into google.maps.places.AutocompleteRequest search options" time="0.001">
    </testcase>
    <testcase classname="getSearchParams should convert searchOptions (several countries) into google.maps.places.AutocompleteRequest search options" name="getSearchParams should convert searchOptions (several countries) into google.maps.places.AutocompleteRequest search options" time="0.002">
    </testcase>
  </testsuite>
  <testsuite name="getRowSelectionInputType" errors="0" failures="0" skipped="0" timestamp="2020-03-11T17:53:48" time="0.291" tests="4">
    <testcase classname="getRowSelectionInputType should return &quot;radio&quot; when maxRowSelection passed is 1" name="getRowSelectionInputType should return &quot;radio&quot; when maxRowSelection passed is 1" time="0.001">
    </testcase>
    <testcase classname="getRowSelectionInputType should return &quot;checkbox&quot; when maxRowSelection passed is other than 1" name="getRowSelectionInputType should return &quot;checkbox&quot; when maxRowSelection passed is other than 1" time="0.007">
    </testcase>
    <testcase classname="getRowSelectionInputType should return &quot;checkbox&quot; when maxRowSelection passed is 1 and rows length is 1" name="getRowSelectionInputType should return &quot;checkbox&quot; when maxRowSelection passed is 1 and rows length is 1" time="0.001">
    </testcase>
    <testcase classname="getRowSelectionInputType should return &quot;checkbox&quot; when maxRowSelection passed is greater than 1 and rows length is 1" name="getRowSelectionInputType should return &quot;checkbox&quot; when maxRowSelection passed is greater than 1 and rows length is 1" time="0">
    </testcase>
  </testsuite>
  <testsuite name="normalizeInitials()" errors="0" failures="0" skipped="0" timestamp="2020-03-11T17:53:48" time="0.307" tests="3">
    <testcase classname="normalizeInitials() should return one letter when one letter is passed" name="normalizeInitials() should return one letter when one letter is passed" time="0.001">
    </testcase>
    <testcase classname="normalizeInitials() should return two letters when two letters are passed" name="normalizeInitials() should return two letters when two letters are passed" time="0">
    </testcase>
    <testcase classname="normalizeInitials() should return two letters when more of two letters are passed" name="normalizeInitials() should return two letters when more of two letters are passed" time="0.001">
    </testcase>
  </testsuite>
  <testsuite name="resizer helper" errors="0" failures="0" skipped="0" timestamp="2020-03-11T17:53:48" time="0.317" tests="5">
    <testcase classname="resizer helper getUpdatedColumns should return an empty array" name="resizer helper getUpdatedColumns should return an empty array" time="0.001">
    </testcase>
    <testcase classname="resizer helper getUpdatedColumns should return the right columns" name="resizer helper getUpdatedColumns should return the right columns" time="0.002">
    </testcase>
    <testcase classname="resizer helper getUpdatedColumns should return the right columns when already have metadata" name="resizer helper getUpdatedColumns should return the right columns when already have metadata" time="0">
    </testcase>
    <testcase classname="resizer helper getUpdatedColumns should return the right columns when have width or defaultWidth" name="resizer helper getUpdatedColumns should return the right columns when have width or defaultWidth" time="0.001">
    </testcase>
    <testcase classname="resizer helper getUpdatedColumns should return the right columns when have width or defaultWidth but are resized" name="resizer helper getUpdatedColumns should return the right columns when have width or defaultWidth but are resized" time="0.001">
    </testcase>
  </testsuite>
  <testsuite name="getUrl function" errors="0" failures="0" skipped="0" timestamp="2020-03-11T17:53:48" time="0.283" tests="2">
    <testcase classname="getUrl function should return the recaptcha url without the lang param" name="getUrl function should return the recaptcha url without the lang param" time="0">
    </testcase>
    <testcase classname="getUrl function should return the recaptcha url with the lang param" name="getUrl function should return the recaptcha url with the lang param" time="0.001">
    </testcase>
  </testsuite>
  <testsuite name="isScrollPositionAtMenuBottom" errors="0" failures="0" skipped="0" timestamp="2020-03-11T17:53:48" time="0.282" tests="2">
    <testcase classname="isScrollPositionAtMenuBottom should return true when scroll position is at bottom" name="isScrollPositionAtMenuBottom should return true when scroll position is at bottom" time="0">
    </testcase>
    <testcase classname="isScrollPositionAtMenuBottom should return false when scroll position is not at bottom" name="isScrollPositionAtMenuBottom should return false when scroll position is not at bottom" time="0.001">
    </testcase>
  </testsuite>
  <testsuite name="addDays" errors="0" failures="0" skipped="0" timestamp="2020-03-11T17:53:48" time="0.286" tests="1">
    <testcase classname="addDays should return a date 3 days after" name="addDays should return a date 3 days after" time="0.001">
    </testcase>
  </testsuite>
  <testsuite name="shouldOpenMenu" errors="0" failures="0" skipped="0" timestamp="2020-03-11T17:53:48" time="0.259" tests="2">
    <testcase classname="shouldOpenMenu should return true only when UP_KEY, DOWN_KEY, LEFT_KEY, RIGHT_KEY, SPACE_KEY, ENTER_KEY are pressed" name="shouldOpenMenu should return true only when UP_KEY, DOWN_KEY, LEFT_KEY, RIGHT_KEY, SPACE_KEY, ENTER_KEY are pressed" time="0.001">
    </testcase>
    <testcase classname="shouldOpenMenu should return false when TAB_KEY, DELETE_KEY, ESCAPE_KEY are pressed" name="shouldOpenMenu should return false when TAB_KEY, DELETE_KEY, ESCAPE_KEY are pressed" time="0.001">
    </testcase>
  </testsuite>
  <testsuite name="isOptionChecked" errors="0" failures="0" skipped="0" timestamp="2020-03-11T17:53:49" time="0.186" tests="2">
    <testcase classname="isOptionChecked should return false when value is empty" name="isOptionChecked should return false when value is empty" time="0.004">
    </testcase>
    <testcase classname="isOptionChecked should return true when option is selected and it is not disabled" name="isOptionChecked should return true when option is selected and it is not disabled" time="0.001">
    </testcase>
  </testsuite>
  <testsuite name="getNormalizedOptions" errors="0" failures="0" skipped="0" timestamp="2020-03-11T17:53:49" time="0.194" tests="4">
    <testcase classname="getNormalizedOptions should return an empty array when the options passed are not an array or an empty array" name="getNormalizedOptions should return an empty array when the options passed are not an array or an empty array" time="0.001">
    </testcase>
    <testcase classname="getNormalizedOptions should return the same options when there are not type &quot;section&quot;" name="getNormalizedOptions should return the same options when there are not type &quot;section&quot;" time="0.001">
    </testcase>
    <testcase classname="getNormalizedOptions should return the option normalized" name="getNormalizedOptions should return the option normalized" time="0">
    </testcase>
    <testcase classname="getNormalizedOptions should return only the header option when deep options is not an array" name="getNormalizedOptions should return only the header option when deep options is not an array" time="0">
    </testcase>
  </testsuite>
  <testsuite name="getNormalizeValue" errors="0" failures="0" skipped="0" timestamp="2020-03-11T17:53:49" time="0.177" tests="1">
    <testcase classname="getNormalizeValue should return right value" name="getNormalizeValue should return right value" time="0.002">
    </testcase>
  </testsuite>
</testsuites>